<?xml version="1.0" encoding="UTF-8"?>
<testsuite xmlns:xsi="http://www.w3.org/2001/XMLSchema-instance" xsi:noNamespaceSchemaLocation="https://maven.apache.org/surefire/maven-surefire-plugin/xsd/surefire-test-report.xsd" name="com.nart.service.LoadDataInDataBaseTest" time="0.574" tests="6" errors="0" skipped="0" failures="0">
  <properties>
[...]
</properties>
  <testcase name="loadListUser" classname="com.nart.service.LoadDataInDataBaseTest" time="0.108"/>
  <testcase name="loadListFriendReq" classname="com.nart.service.LoadDataInDataBaseTest" time="0.088"/>
  <testcase name="loadListComment" classname="com.nart.service.LoadDataInDataBaseTest" time="0.087"/>
  <testcase name="loadListGroup" classname="com.nart.service.LoadDataInDataBaseTest" time="0.116"/>
  <testcase name="loadListGroupInvite" classname="com.nart.service.LoadDataInDataBaseTest" time="0.083"/>
  <testcase name="loadListStatus" classname="com.nart.service.LoadDataInDataBaseTest" time="0.088"/>
</testsuite>