<?xml version="1.0" encoding="UTF-8"?>
<testsuite xmlns:xsi="http://www.w3.org/2001/XMLSchema-instance" xsi:noNamespaceSchemaLocation="https://maven.apache.org/surefire/maven-surefire-plugin/xsd/surefire-test-report.xsd" name="com.nart.vo.InviteVoTest" time="0" tests="6" errors="0" skipped="0" failures="0">
  <properties>
[...]
</properties>
  <testcase name="testToGI" classname="com.nart.vo.InviteVoTest" time="0"/>
  <testcase name="testToString" classname="com.nart.vo.InviteVoTest" time="0"/>
  <testcase name="testCanEqual" classname="com.nart.vo.InviteVoTest" time="0"/>
  <testcase name="testHashCode" classname="com.nart.vo.InviteVoTest" time="0"/>
  <testcase name="testEquals" classname="com.nart.vo.InviteVoTest" time="0"/>
  <testcase name="testTransfer" classname="com.nart.vo.InviteVoTest" time="0"/>
</testsuite>