GROUP,PACKAGE,CLASS,INSTRUCTION_MISSED,INSTRUCTION_COVERED,BRANCH_MISSED,BRANCH_COVERED,LINE_MISSED,LINE_COVERED,COMPLEXITY_MISSED,COMPLEXITY_COVERED,METHOD_MISSED,METHOD_COVERED
nart,com.nart.handler,AllExceptionHander,0,8,0,0,0,3,0,2,0,2
nart,com.nart.handler,LoginInterceptor,0,57,0,6,0,21,0,8,0,5
nart,com.nart.handler,WebSocketListener,0,10,0,0,0,4,0,3,0,3
nart,com.nart,TestApplication,8,0,0,0,3,0,2,0,2,0
nart,com.nart.util,AlbumType,0,44,0,0,0,2,0,1,0,1
nart,com.nart.util,ProgressBar,25,147,3,3,9,22,3,5,1,4
nart,com.nart.util,SpringUtil,39,0,2,0,10,0,8,0,7,0
nart,com.nart.util,ErrorCode,9,568,0,0,4,45,2,4,2,4
nart,com.nart.util,UserThreadLocal,0,16,0,0,0,6,0,4,0,4
nart,com.nart.util,RandomContentGenerator,91,174,17,16,23,38,16,12,2,8
nart,com.nart.util,RedisUtil,0,113,0,12,0,26,0,18,0,12
nart,com.nart.util,CopyUtil,101,0,6,0,22,0,7,0,4,0
nart,com.nart.util,FakeDataGenerator,1429,0,66,0,301,0,60,0,27,0
nart,com.nart.util,GsonFormatter,8,9,0,0,2,2,2,2,2,2
nart,com.nart.util,Result,48,208,21,17,0,9,21,14,4,12
nart,com.nart.util,EncryptUtil,3,100,0,2,1,24,1,7,1,6
nart,com.nart.config,WebSocketConfig,0,30,0,2,0,8,0,5,0,4
nart,com.nart.config,MybatisPlusConfig,0,14,0,0,0,4,0,2,0,2
nart,com.nart.config,RedisConfig,0,35,0,0,0,8,0,2,0,2
nart,com.nart.config,WebMVCConfig,0,132,0,0,0,16,0,4,0,4
nart,com.nart.config,ThreadPoolConfig,0,29,0,0,0,10,0,2,0,2
nart,com.nart.vo,CommentVo,32,213,22,16,0,14,18,15,0,14
nart,com.nart.vo,FriendVo,39,270,27,19,0,20,22,18,0,17
nart,com.nart.vo,DateVo,23,303,10,12,2,40,10,20,0,19
nart,com.nart.vo,WSMsg,174,167,53,9,0,8,38,12,7,12
nart,com.nart.vo,UserVo,57,480,36,44,0,33,33,34,0,27
nart,com.nart.vo,RequestVo,40,294,26,28,0,17,23,23,0,19
nart,com.nart.vo,PageVo,16,92,4,6,0,8,6,9,2,8
nart,com.nart.vo,GroupVo,47,319,26,32,2,23,24,24,0,19
nart,com.nart.vo,MessageVo,65,518,47,39,0,50,40,30,0,27
nart,com.nart.vo,InviteVo,45,332,29,33,0,18,26,26,0,21
nart,com.nart.vo,StatusVo,83,583,50,38,1,67,43,29,2,26
nart,com.nart.util.upload,IpUtils,107,0,28,0,25,0,18,0,4,0
nart,com.nart.util.upload,ImgtuUtil,798,0,70,0,158,0,55,0,19,0
nart,com.nart.util.upload,FileType,77,0,12,0,21,0,11,0,4,0
nart,com.nart.util.upload,HttpUtil,210,0,14,0,48,0,14,0,7,0
nart,com.nart.util.upload,HttpContextUtils,8,0,0,0,2,0,2,0,2,0
nart,com.nart.util.upload,TypeDict,19,0,4,0,6,0,5,0,2,0
nart,com.nart.pojo,UserLike,70,99,25,5,0,4,15,11,0,11
nart,com.nart.pojo,GroupChat,45,270,29,21,0,8,24,20,0,19
nart,com.nart.pojo,Comment,46,252,32,22,0,7,26,18,0,17
nart,com.nart.pojo,Group,57,342,29,37,0,14,29,28,2,22
nart,com.nart.pojo,User,126,688,64,86,0,19,64,52,4,37
nart,com.nart.pojo,FriendReq,43,212,27,19,0,6,22,16,0,15
nart,com.nart.pojo,Status,205,162,45,19,0,9,33,20,2,19
nart,com.nart.pojo,FriendChat,50,274,33,23,0,8,27,20,0,19
nart,com.nart.pojo,GroupInvite,52,246,32,22,0,7,26,18,0,17
nart,com.nart.pojo,Message,139,142,41,7,0,7,30,11,6,11
nart,com.nart.pojo,DataCounter,91,122,21,3,0,7,18,11,6,11
nart,com.nart.pojo,UserGroup,44,220,24,18,0,7,20,18,0,17
nart,com.nart.pojo,Friend,72,484,40,62,0,13,40,40,1,28
nart,com.nart.controller,UploadController,77,0,10,0,20,0,9,0,4,0
nart,com.nart.controller,StatusController,248,0,18,0,58,0,14,0,5,0
nart,com.nart.controller,AdminController,266,0,32,0,73,0,29,0,13,0
nart,com.nart.controller,UserController,98,0,6,0,21,0,10,0,7,0
nart,com.nart.controller,ChatController,155,0,18,0,40,0,13,0,4,0
nart,com.nart.controller,GroupController,161,0,18,0,44,0,19,0,10,0
nart,com.nart.controller,FriendController,152,0,20,0,43,0,19,0,9,0
nart,com.nart.controller,CommentController,61,0,6,0,15,0,6,0,3,0
nart,com.nart.common,ChatEndPoint,183,0,6,0,50,0,12,0,9,0
nart,com.nart.common,LogAspect,381,0,14,0,69,0,14,0,7,0
nart,com.nart.service.impl,AdminServiceImpl,248,0,10,0,64,0,18,0,13,0
nart,com.nart.service.impl,CommentServiceImpl,0,142,0,8,0,35,0,8,0,4
nart,com.nart.service.impl,UserServiceImpl,0,434,5,39,0,95,5,28,0,11
nart,com.nart.service.impl,DataCounterServiceImpl,0,83,0,10,0,26,0,11,0,6
nart,com.nart.service.impl,GroupServiceImpl,1,690,4,32,0,167,4,27,0,13
nart,com.nart.service.impl,LoginServiceImpl,0,228,0,22,0,47,0,16,0,5
nart,com.nart.service.impl,FriendServiceImpl,9,589,3,31,2,137,3,24,0,10
nart,com.nart.service.impl,LoadDataInDataBaseImpl,0,650,9,53,0,150,9,35,0,13
nart,com.nart.service.impl,StatusServiceImpl,0,287,2,18,0,71,2,15,0,7
nart,com.nart.service.impl,ChatServiceImpl,3,470,2,24,2,108,2,22,0,11
